<?xml version="1.0" encoding="UTF-8"?>
<coverage generated="1774342756182" clover="4.4.1">
   <project name="Credit-Card-Validator 0.0.1-SNAPSHOT" timestamp="1774342753627">
      <metrics coveredelements="0" complexity="203" loc="1893" methods="89" classes="32" statements="434" packages="1" coveredconditionals="0" coveredmethods="0" elements="727" ncloc="963" files="32" conditionals="204" coveredstatements="0"/>
      <package name="net.mooctest">
         <metrics coveredelements="0" complexity="203" loc="1893" methods="89" classes="32" statements="434" coveredconditionals="0" coveredmethods="0" elements="727" ncloc="963" files="32" conditionals="204" coveredstatements="0"/>
         <file path="C:\Users\NJ\Desktop\Credit-Card-Validator_1763206674372\src\main\java\net\mooctest\AmericanExpressValidator.java" name="AmericanExpressValidator.java">
            <metrics coveredelements="0" coveredconditionals="0" complexity="6" loc="60" coveredmethods="0" methods="3" elements="22" classes="1" ncloc="30" statements="13" conditionals="6" coveredstatements="0"/>
            <class name="AmericanExpressValidator">
               <metrics coveredelements="0" coveredconditionals="0" complexity="6" coveredmethods="0" methods="3" elements="22" statements="13" conditionals="6" coveredstatements="0"/>
            </class>
            <line complexity="1" visibility="public" signature="AmericanExpressValidator(String)" num="18" count="0" type="method"/>
            <line num="19" count="0" type="stmt"/>
            <line complexity="2" visibility="package" signature="checkLength() : boolean" num="28" count="0" type="method"/>
            <line num="30" count="0" type="stmt"/>
            <line num="32" count="0" type="stmt"/>
            <line falsecount="0" truecount="0" num="32" type="cond"/>
            <line num="33" count="0" type="stmt"/>
            <line num="36" count="0" type="stmt"/>
            <line complexity="3" visibility="package" signature="checkIINRanges() : boolean" num="45" count="0" type="method"/>
            <line num="47" count="0" type="stmt"/>
            <line num="48" count="0" type="stmt"/>
            <line num="49" count="0" type="stmt"/>
            <line num="51" count="0" type="stmt"/>
            <line falsecount="0" truecount="0" num="51" type="cond"/>
            <line num="52" count="0" type="stmt"/>
            <line falsecount="0" truecount="0" num="52" type="cond"/>
            <line num="53" count="0" type="stmt"/>
            <line num="54" count="0" type="stmt"/>
            <line num="58" count="0" type="stmt"/>
         </file>
         <file path="C:\Users\NJ\Desktop\Credit-Card-Validator_1763206674372\src\main\java\net\mooctest\ChinaTUnionValidator.java" name="ChinaTUnionValidator.java">
            <metrics coveredelements="0" coveredconditionals="0" complexity="5" loc="59" coveredmethods="0" methods="3" elements="18" classes="1" ncloc="28" statements="11" conditionals="4" coveredstatements="0"/>
            <class name="ChinaTUnionValidator">
               <metrics coveredelements="0" coveredconditionals="0" complexity="5" coveredmethods="0" methods="3" elements="18" statements="11" conditionals="4" coveredstatements="0"/>
            </class>
            <line complexity="1" visibility="public" signature="ChinaTUnionValidator(String)" num="19" count="0" type="method"/>
            <line num="20" count="0" type="stmt"/>
            <line complexity="2" visibility="package" signature="checkLength() : boolean" num="30" count="0" type="method"/>
            <line num="32" count="0" type="stmt"/>
            <line num="34" count="0" type="stmt"/>
            <line falsecount="0" truecount="0" num="34" type="cond"/>
            <line num="35" count="0" type="stmt"/>
            <line num="38" count="0" type="stmt"/>
            <line complexity="2" visibility="package" signature="checkIINRanges() : boolean" num="47" count="0" type="method"/>
            <line num="49" count="0" type="stmt"/>
            <line num="50" count="0" type="stmt"/>
            <line num="51" count="0" type="stmt"/>
            <line num="53" count="0" type="stmt"/>
            <line falsecount="0" truecount="0" num="53" type="cond"/>
            <line num="54" count="0" type="stmt"/>
            <line num="57" count="0" type="stmt"/>
         </file>
         <file path="C:\Users\NJ\Desktop\Credit-Card-Validator_1763206674372\src\main\java\net\mooctest\ChinaUnionPayValidator.java" name="ChinaUnionPayValidator.java">
            <metrics coveredelements="0" coveredconditionals="0" complexity="6" loc="59" coveredmethods="0" methods="3" elements="18" classes="1" ncloc="28" statements="11" conditionals="4" coveredstatements="0"/>
            <class name="ChinaUnionPayValidator">
               <metrics coveredelements="0" coveredconditionals="0" complexity="6" coveredmethods="0" methods="3" elements="18" statements="11" conditionals="4" coveredstatements="0"/>
            </class>
            <line complexity="1" visibility="public" signature="ChinaUnionPayValidator(String)" num="19" count="0" type="method"/>
            <line num="20" count="0" type="stmt"/>
            <line complexity="3" visibility="package" signature="checkLength() : boolean" num="30" count="0" type="method"/>
            <line num="32" count="0" type="stmt"/>
            <line num="34" count="0" type="stmt"/>
            <line falsecount="0" truecount="0" num="34" type="cond"/>
            <line num="35" count="0" type="stmt"/>
            <line num="38" count="0" type="stmt"/>
            <line complexity="2" visibility="package" signature="checkIINRanges() : boolean" num="47" count="0" type="method"/>
            <line num="49" count="0" type="stmt"/>
            <line num="50" count="0" type="stmt"/>
            <line num="51" count="0" type="stmt"/>
            <line num="53" count="0" type="stmt"/>
            <line falsecount="0" truecount="0" num="53" type="cond"/>
            <line num="54" count="0" type="stmt"/>
            <line num="57" count="0" type="stmt"/>
         </file>
         <file path="C:\Users\NJ\Desktop\Credit-Card-Validator_1763206674372\src\main\java\net\mooctest\CreditCardParser.java" name="CreditCardParser.java">
            <metrics coveredelements="0" coveredconditionals="0" complexity="3" loc="43" coveredmethods="0" methods="2" elements="15" classes="1" ncloc="22" statements="11" conditionals="2" coveredstatements="0"/>
            <class name="CreditCardParser">
               <metrics coveredelements="0" coveredconditionals="0" complexity="3" coveredmethods="0" methods="2" elements="15" statements="11" conditionals="2" coveredstatements="0"/>
            </class>
            <line complexity="1" visibility="public" signature="parseNumber(String) : List&lt;Integer&gt;" num="16" count="0" type="method"/>
            <line num="17" count="0" type="stmt"/>
            <line num="19" count="0" type="stmt"/>
            <line num="20" count="0" type="stmt"/>
            <line num="21" count="0" type="stmt"/>
            <line num="24" count="0" type="stmt"/>
            <line complexity="2" visibility="public" signature="parseIIN(List&lt;Integer&gt;,int) : int" num="32" count="0" type="method"/>
            <line num="33" count="0" type="stmt"/>
            <line num="34" count="0" type="stmt"/>
            <line num="36" count="0" type="stmt"/>
            <line falsecount="0" truecount="0" num="36" type="cond"/>
            <line num="37" count="0" type="stmt"/>
            <line num="39" count="0" type="stmt"/>
            <line num="41" count="0" type="stmt"/>
         </file>
         <file path="C:\Users\NJ\Desktop\Credit-Card-Validator_1763206674372\src\main\java\net\mooctest\CreditCardType.java" name="CreditCardType.java">
            <metrics coveredelements="0" coveredconditionals="0" complexity="0" loc="12" coveredmethods="0" methods="0" elements="0" classes="1" ncloc="6" statements="0" conditionals="0" coveredstatements="0"/>
            <class name="CreditCardType">
               <metrics coveredelements="0" coveredconditionals="0" complexity="0" coveredmethods="0" methods="0" elements="0" statements="0" conditionals="0" coveredstatements="0"/>
            </class>
         </file>
         <file path="C:\Users\NJ\Desktop\Credit-Card-Validator_1763206674372\src\main\java\net\mooctest\CreditCardValidator.java" name="CreditCardValidator.java">
            <metrics coveredelements="0" coveredconditionals="0" complexity="3" loc="36" coveredmethods="0" methods="1" elements="9" classes="1" ncloc="14" statements="6" conditionals="2" coveredstatements="0"/>
            <class name="CreditCardValidator">
               <metrics coveredelements="0" coveredconditionals="0" complexity="3" coveredmethods="0" methods="1" elements="9" statements="6" conditionals="2" coveredstatements="0"/>
            </class>
            <line complexity="3" visibility="public" signature="validate() : boolean" num="18" count="0" type="method"/>
            <line num="19" count="0" type="stmt"/>
            <line num="20" count="0" type="stmt"/>
            <line num="21" count="0" type="stmt"/>
            <line num="23" count="0" type="stmt"/>
            <line falsecount="0" truecount="0" num="23" type="cond"/>
            <line num="24" count="0" type="stmt"/>
            <line num="27" count="0" type="stmt"/>
         </file>
         <file path="C:\Users\NJ\Desktop\Credit-Card-Validator_1763206674372\src\main\java\net\mooctest\DankortValidator.java" name="DankortValidator.java">
            <metrics coveredelements="0" coveredconditionals="0" complexity="6" loc="62" coveredmethods="0" methods="3" elements="22" classes="1" ncloc="31" statements="13" conditionals="6" coveredstatements="0"/>
            <class name="DankortValidator">
               <metrics coveredelements="0" coveredconditionals="0" complexity="6" coveredmethods="0" methods="3" elements="22" statements="13" conditionals="6" coveredstatements="0"/>
            </class>
            <line complexity="1" visibility="public" signature="DankortValidator(String)" num="19" count="0" type="method"/>
            <line num="20" count="0" type="stmt"/>
            <line complexity="2" visibility="package" signature="checkLength() : boolean" num="30" count="0" type="method"/>
            <line num="32" count="0" type="stmt"/>
            <line num="34" count="0" type="stmt"/>
            <line falsecount="0" truecount="0" num="34" type="cond"/>
            <line num="35" count="0" type="stmt"/>
            <line num="38" count="0" type="stmt"/>
            <line complexity="3" visibility="package" signature="checkIINRanges() : boolean" num="47" count="0" type="method"/>
            <line num="49" count="0" type="stmt"/>
            <line num="50" count="0" type="stmt"/>
            <line num="51" count="0" type="stmt"/>
            <line num="53" count="0" type="stmt"/>
            <line falsecount="0" truecount="0" num="53" type="cond"/>
            <line num="54" count="0" type="stmt"/>
            <line falsecount="0" truecount="0" num="54" type="cond"/>
            <line num="55" count="0" type="stmt"/>
            <line num="56" count="0" type="stmt"/>
            <line num="60" count="0" type="stmt"/>
         </file>
         <file path="C:\Users\NJ\Desktop\Credit-Card-Validator_1763206674372\src\main\java\net\mooctest\DateChecker.java" name="DateChecker.java">
            <metrics coveredelements="0" coveredconditionals="0" complexity="5" loc="62" coveredmethods="0" methods="4" elements="16" classes="1" ncloc="26" statements="10" conditionals="2" coveredstatements="0"/>
            <class name="DateChecker">
               <metrics coveredelements="0" coveredconditionals="0" complexity="5" coveredmethods="0" methods="4" elements="16" statements="10" conditionals="2" coveredstatements="0"/>
            </class>
            <line complexity="2" visibility="public" signature="compareDates(int,int) : boolean" num="25" count="0" type="method"/>
            <line num="26" count="0" type="stmt"/>
            <line num="28" count="0" type="stmt"/>
            <line falsecount="0" truecount="0" num="28" type="cond"/>
            <line num="29" count="0" type="stmt"/>
            <line num="32" count="0" type="stmt"/>
            <line complexity="1" visibility="public" signature="convertDate(String) : StringBuilder" num="39" count="0" type="method"/>
            <line num="40" count="0" type="stmt"/>
            <line num="42" count="0" type="stmt"/>
            <line complexity="1" visibility="public" signature="getCurrentYear() : int" num="48" count="0" type="method"/>
            <line num="49" count="0" type="stmt"/>
            <line num="51" count="0" type="stmt"/>
            <line complexity="1" visibility="public" signature="getCurrentMonth() : int" num="57" count="0" type="method"/>
            <line num="58" count="0" type="stmt"/>
            <line num="60" count="0" type="stmt"/>
         </file>
         <file path="C:\Users\NJ\Desktop\Credit-Card-Validator_1763206674372\src\main\java\net\mooctest\DateFormatter.java" name="DateFormatter.java">
            <metrics coveredelements="0" coveredconditionals="0" complexity="2" loc="30" coveredmethods="0" methods="2" elements="6" classes="1" ncloc="13" statements="4" conditionals="0" coveredstatements="0"/>
            <class name="DateFormatter">
               <metrics coveredelements="0" coveredconditionals="0" complexity="2" coveredmethods="0" methods="2" elements="6" statements="4" conditionals="0" coveredstatements="0"/>
            </class>
            <line complexity="1" visibility="package" signature="yearFormat() : DateFormat" num="16" count="0" type="method"/>
            <line num="17" count="0" type="stmt"/>
            <line num="19" count="0" type="stmt"/>
            <line complexity="1" visibility="package" signature="monthFormat() : DateFormat" num="25" count="0" type="method"/>
            <line num="26" count="0" type="stmt"/>
            <line num="28" count="0" type="stmt"/>
         </file>
         <file path="C:\Users\NJ\Desktop\Credit-Card-Validator_1763206674372\src\main\java\net\mooctest\DateParser.java" name="DateParser.java">
            <metrics coveredelements="0" coveredconditionals="0" complexity="3" loc="31" coveredmethods="0" methods="2" elements="9" classes="1" ncloc="13" statements="5" conditionals="2" coveredstatements="0"/>
            <class name="DateParser">
               <metrics coveredelements="0" coveredconditionals="0" complexity="3" coveredmethods="0" methods="2" elements="9" statements="5" conditionals="2" coveredstatements="0"/>
            </class>
            <line complexity="2" visibility="public" signature="parseDate(StringBuilder) : StringBuilder" num="13" count="0" type="method"/>
            <line num="14" count="0" type="stmt"/>
            <line falsecount="0" truecount="0" num="14" type="cond"/>
            <line num="15" count="0" type="stmt"/>
            <line num="18" count="0" type="stmt"/>
            <line complexity="1" visibility="public" signature="parseDate(StringBuilder,int,int) : int" num="26" count="0" type="method"/>
            <line num="27" count="0" type="stmt"/>
            <line num="29" count="0" type="stmt"/>
         </file>
         <file path="C:\Users\NJ\Desktop\Credit-Card-Validator_1763206674372\src\main\java\net\mooctest\DinersClubInternationalValidator.java" name="DinersClubInternationalValidator.java">
            <metrics coveredelements="0" coveredconditionals="0" complexity="12" loc="79" coveredmethods="0" methods="3" elements="42" classes="1" ncloc="46" statements="23" conditionals="16" coveredstatements="0"/>
            <class name="DinersClubInternationalValidator">
               <metrics coveredelements="0" coveredconditionals="0" complexity="12" coveredmethods="0" methods="3" elements="42" statements="23" conditionals="16" coveredstatements="0"/>
            </class>
            <line complexity="1" visibility="public" signature="DinersClubInternationalValidator(String)" num="19" count="0" type="method"/>
            <line num="20" count="0" type="stmt"/>
            <line complexity="3" visibility="package" signature="checkLength() : boolean" num="30" count="0" type="method"/>
            <line num="32" count="0" type="stmt"/>
            <line num="34" count="0" type="stmt"/>
            <line falsecount="0" truecount="0" num="34" type="cond"/>
            <line num="35" count="0" type="stmt"/>
            <line num="38" count="0" type="stmt"/>
            <line complexity="8" visibility="package" signature="checkIINRanges() : boolean" num="47" count="0" type="method"/>
            <line num="49" count="0" type="stmt"/>
            <line num="50" count="0" type="stmt"/>
            <line num="51" count="0" type="stmt"/>
            <line num="52" count="0" type="stmt"/>
            <line num="53" count="0" type="stmt"/>
            <line num="55" count="0" type="stmt"/>
            <line falsecount="0" truecount="0" num="55" type="cond"/>
            <line num="56" count="0" type="stmt"/>
            <line falsecount="0" truecount="0" num="56" type="cond"/>
            <line num="57" count="0" type="stmt"/>
            <line num="58" count="0" type="stmt"/>
            <line num="62" count="0" type="stmt"/>
            <line falsecount="0" truecount="0" num="62" type="cond"/>
            <line num="63" count="0" type="stmt"/>
            <line falsecount="0" truecount="0" num="63" type="cond"/>
            <line num="64" count="0" type="stmt"/>
            <line num="68" count="0" type="stmt"/>
            <line falsecount="0" truecount="0" num="68" type="cond"/>
            <line num="69" count="0" type="stmt"/>
            <line falsecount="0" truecount="0" num="69" type="cond"/>
            <line num="70" count="0" type="stmt"/>
            <line falsecount="0" truecount="0" num="70" type="cond"/>
            <line num="71" count="0" type="stmt"/>
            <line num="72" count="0" type="stmt"/>
            <line num="77" count="0" type="stmt"/>
         </file>
         <file path="C:\Users\NJ\Desktop\Credit-Card-Validator_1763206674372\src\main\java\net\mooctest\DinersClubValidator.java" name="DinersClubValidator.java">
            <metrics coveredelements="0" coveredconditionals="0" complexity="6" loc="62" coveredmethods="0" methods="3" elements="22" classes="1" ncloc="31" statements="13" conditionals="6" coveredstatements="0"/>
            <class name="DinersClubValidator">
               <metrics coveredelements="0" coveredconditionals="0" complexity="6" coveredmethods="0" methods="3" elements="22" statements="13" conditionals="6" coveredstatements="0"/>
            </class>
            <line complexity="1" visibility="public" signature="DinersClubValidator(String)" num="19" count="0" type="method"/>
            <line num="20" count="0" type="stmt"/>
            <line complexity="2" visibility="package" signature="checkLength() : boolean" num="30" count="0" type="method"/>
            <line num="32" count="0" type="stmt"/>
            <line num="34" count="0" type="stmt"/>
            <line falsecount="0" truecount="0" num="34" type="cond"/>
            <line num="35" count="0" type="stmt"/>
            <line num="38" count="0" type="stmt"/>
            <line complexity="3" visibility="package" signature="checkIINRanges() : boolean" num="47" count="0" type="method"/>
            <line num="49" count="0" type="stmt"/>
            <line num="50" count="0" type="stmt"/>
            <line num="51" count="0" type="stmt"/>
            <line num="53" count="0" type="stmt"/>
            <line falsecount="0" truecount="0" num="53" type="cond"/>
            <line num="54" count="0" type="stmt"/>
            <line falsecount="0" truecount="0" num="54" type="cond"/>
            <line num="55" count="0" type="stmt"/>
            <line num="56" count="0" type="stmt"/>
            <line num="60" count="0" type="stmt"/>
         </file>
         <file path="C:\Users\NJ\Desktop\Credit-Card-Validator_1763206674372\src\main\java\net\mooctest\DiscoverValidator.java" name="DiscoverValidator.java">
            <metrics coveredelements="0" coveredconditionals="0" complexity="13" loc="83" coveredmethods="0" methods="3" elements="47" classes="1" ncloc="49" statements="26" conditionals="18" coveredstatements="0"/>
            <class name="DiscoverValidator">
               <metrics coveredelements="0" coveredconditionals="0" complexity="13" coveredmethods="0" methods="3" elements="47" statements="26" conditionals="18" coveredstatements="0"/>
            </class>
            <line complexity="1" visibility="public" signature="DiscoverValidator(String)" num="18" count="0" type="method"/>
            <line num="19" count="0" type="stmt"/>
            <line complexity="2" visibility="package" signature="checkLength() : boolean" num="29" count="0" type="method"/>
            <line num="31" count="0" type="stmt"/>
            <line num="33" count="0" type="stmt"/>
            <line falsecount="0" truecount="0" num="33" type="cond"/>
            <line num="34" count="0" type="stmt"/>
            <line num="37" count="0" type="stmt"/>
            <line complexity="10" visibility="package" signature="checkIINRanges() : boolean" num="46" count="0" type="method"/>
            <line num="48" count="0" type="stmt"/>
            <line num="49" count="0" type="stmt"/>
            <line num="50" count="0" type="stmt"/>
            <line num="51" count="0" type="stmt"/>
            <line num="52" count="0" type="stmt"/>
            <line num="53" count="0" type="stmt"/>
            <line num="55" count="0" type="stmt"/>
            <line falsecount="0" truecount="0" num="55" type="cond"/>
            <line num="56" count="0" type="stmt"/>
            <line num="59" count="0" type="stmt"/>
            <line falsecount="0" truecount="0" num="59" type="cond"/>
            <line num="60" count="0" type="stmt"/>
            <line falsecount="0" truecount="0" num="60" type="cond"/>
            <line num="61" count="0" type="stmt"/>
            <line falsecount="0" truecount="0" num="61" type="cond"/>
            <line num="62" count="0" type="stmt"/>
            <line num="63" count="0" type="stmt"/>
            <line num="68" count="0" type="stmt"/>
            <line falsecount="0" truecount="0" num="68" type="cond"/>
            <line num="69" count="0" type="stmt"/>
            <line falsecount="0" truecount="0" num="69" type="cond"/>
            <line num="70" count="0" type="stmt"/>
            <line falsecount="0" truecount="0" num="70" type="cond"/>
            <line num="71" count="0" type="stmt"/>
            <line num="72" count="0" type="stmt"/>
            <line num="77" count="0" type="stmt"/>
            <line falsecount="0" truecount="0" num="77" type="cond"/>
            <line num="78" count="0" type="stmt"/>
            <line num="81" count="0" type="stmt"/>
         </file>
         <file path="C:\Users\NJ\Desktop\Credit-Card-Validator_1763206674372\src\main\java\net\mooctest\InstaPaymenttValidator.java" name="InstaPaymenttValidator.java">
            <metrics coveredelements="0" coveredconditionals="0" complexity="6" loc="62" coveredmethods="0" methods="3" elements="22" classes="1" ncloc="31" statements="13" conditionals="6" coveredstatements="0"/>
            <class name="InstaPaymenttValidator">
               <metrics coveredelements="0" coveredconditionals="0" complexity="6" coveredmethods="0" methods="3" elements="22" statements="13" conditionals="6" coveredstatements="0"/>
            </class>
            <line complexity="1" visibility="public" signature="InstaPaymenttValidator(String)" num="19" count="0" type="method"/>
            <line num="20" count="0" type="stmt"/>
            <line complexity="2" visibility="package" signature="checkLength() : boolean" num="30" count="0" type="method"/>
            <line num="32" count="0" type="stmt"/>
            <line num="34" count="0" type="stmt"/>
            <line falsecount="0" truecount="0" num="34" type="cond"/>
            <line num="35" count="0" type="stmt"/>
            <line num="38" count="0" type="stmt"/>
            <line complexity="3" visibility="package" signature="checkIINRanges() : boolean" num="47" count="0" type="method"/>
            <line num="49" count="0" type="stmt"/>
            <line num="50" count="0" type="stmt"/>
            <line num="51" count="0" type="stmt"/>
            <line num="53" count="0" type="stmt"/>
            <line falsecount="0" truecount="0" num="53" type="cond"/>
            <line num="54" count="0" type="stmt"/>
            <line falsecount="0" truecount="0" num="54" type="cond"/>
            <line num="55" count="0" type="stmt"/>
            <line num="56" count="0" type="stmt"/>
            <line num="60" count="0" type="stmt"/>
         </file>
         <file path="C:\Users\NJ\Desktop\Credit-Card-Validator_1763206674372\src\main\java\net\mooctest\InterPaymentValidator.java" name="InterPaymentValidator.java">
            <metrics coveredelements="0" coveredconditionals="0" complexity="6" loc="59" coveredmethods="0" methods="3" elements="18" classes="1" ncloc="28" statements="11" conditionals="4" coveredstatements="0"/>
            <class name="InterPaymentValidator">
               <metrics coveredelements="0" coveredconditionals="0" complexity="6" coveredmethods="0" methods="3" elements="18" statements="11" conditionals="4" coveredstatements="0"/>
            </class>
            <line complexity="1" visibility="public" signature="InterPaymentValidator(String)" num="19" count="0" type="method"/>
            <line num="20" count="0" type="stmt"/>
            <line complexity="3" visibility="package" signature="checkLength() : boolean" num="30" count="0" type="method"/>
            <line num="32" count="0" type="stmt"/>
            <line num="34" count="0" type="stmt"/>
            <line falsecount="0" truecount="0" num="34" type="cond"/>
            <line num="35" count="0" type="stmt"/>
            <line num="38" count="0" type="stmt"/>
            <line complexity="2" visibility="package" signature="checkIINRanges() : boolean" num="47" count="0" type="method"/>
            <line num="49" count="0" type="stmt"/>
            <line num="50" count="0" type="stmt"/>
            <line num="51" count="0" type="stmt"/>
            <line num="53" count="0" type="stmt"/>
            <line falsecount="0" truecount="0" num="53" type="cond"/>
            <line num="54" count="0" type="stmt"/>
            <line num="57" count="0" type="stmt"/>
         </file>
         <file path="C:\Users\NJ\Desktop\Credit-Card-Validator_1763206674372\src\main\java\net\mooctest\InvalidCardException.java" name="InvalidCardException.java">
            <metrics coveredelements="0" coveredconditionals="0" complexity="1" loc="11" coveredmethods="0" methods="1" elements="2" classes="1" ncloc="6" statements="1" conditionals="0" coveredstatements="0"/>
            <class name="InvalidCardException">
               <metrics coveredelements="0" coveredconditionals="0" complexity="1" coveredmethods="0" methods="1" elements="2" statements="1" conditionals="0" coveredstatements="0"/>
            </class>
            <line complexity="1" visibility="package" signature="InvalidCardException(String)" num="8" count="0" type="method"/>
            <line num="9" count="0" type="stmt"/>
         </file>
         <file path="C:\Users\NJ\Desktop\Credit-Card-Validator_1763206674372\src\main\java\net\mooctest\JCBValidator.java" name="JCBValidator.java">
            <metrics coveredelements="0" coveredconditionals="0" complexity="6" loc="61" coveredmethods="0" methods="3" elements="22" classes="1" ncloc="30" statements="13" conditionals="6" coveredstatements="0"/>
            <class name="JCBValidator">
               <metrics coveredelements="0" coveredconditionals="0" complexity="6" coveredmethods="0" methods="3" elements="22" statements="13" conditionals="6" coveredstatements="0"/>
            </class>
            <line complexity="1" visibility="public" signature="JCBValidator(String)" num="18" count="0" type="method"/>
            <line num="19" count="0" type="stmt"/>
            <line complexity="2" visibility="package" signature="checkLength() : boolean" num="29" count="0" type="method"/>
            <line num="31" count="0" type="stmt"/>
            <line num="33" count="0" type="stmt"/>
            <line falsecount="0" truecount="0" num="33" type="cond"/>
            <line num="34" count="0" type="stmt"/>
            <line num="37" count="0" type="stmt"/>
            <line complexity="3" visibility="package" signature="checkIINRanges() : boolean" num="46" count="0" type="method"/>
            <line num="48" count="0" type="stmt"/>
            <line num="49" count="0" type="stmt"/>
            <line num="50" count="0" type="stmt"/>
            <line num="52" count="0" type="stmt"/>
            <line falsecount="0" truecount="0" num="52" type="cond"/>
            <line num="53" count="0" type="stmt"/>
            <line falsecount="0" truecount="0" num="53" type="cond"/>
            <line num="54" count="0" type="stmt"/>
            <line num="55" count="0" type="stmt"/>
            <line num="59" count="0" type="stmt"/>
         </file>
         <file path="C:\Users\NJ\Desktop\Credit-Card-Validator_1763206674372\src\main\java\net\mooctest\LankaPayValidator.java" name="LankaPayValidator.java">
            <metrics coveredelements="0" coveredconditionals="0" complexity="5" loc="59" coveredmethods="0" methods="3" elements="18" classes="1" ncloc="28" statements="11" conditionals="4" coveredstatements="0"/>
            <class name="LankaPayValidator">
               <metrics coveredelements="0" coveredconditionals="0" complexity="5" coveredmethods="0" methods="3" elements="18" statements="11" conditionals="4" coveredstatements="0"/>
            </class>
            <line complexity="1" visibility="public" signature="LankaPayValidator(String)" num="19" count="0" type="method"/>
            <line num="20" count="0" type="stmt"/>
            <line complexity="2" visibility="package" signature="checkLength() : boolean" num="30" count="0" type="method"/>
            <line num="32" count="0" type="stmt"/>
            <line num="34" count="0" type="stmt"/>
            <line falsecount="0" truecount="0" num="34" type="cond"/>
            <line num="35" count="0" type="stmt"/>
            <line num="38" count="0" type="stmt"/>
            <line complexity="2" visibility="package" signature="checkIINRanges() : boolean" num="47" count="0" type="method"/>
            <line num="49" count="0" type="stmt"/>
            <line num="50" count="0" type="stmt"/>
            <line num="51" count="0" type="stmt"/>
            <line num="53" count="0" type="stmt"/>
            <line falsecount="0" truecount="0" num="53" type="cond"/>
            <line num="54" count="0" type="stmt"/>
            <line num="57" count="0" type="stmt"/>
         </file>
         <file path="C:\Users\NJ\Desktop\Credit-Card-Validator_1763206674372\src\main\java\net\mooctest\LuhnValidator.java" name="LuhnValidator.java">
            <metrics coveredelements="0" coveredconditionals="0" complexity="7" loc="85" coveredmethods="0" methods="3" elements="35" classes="1" ncloc="43" statements="24" conditionals="8" coveredstatements="0"/>
            <class name="LuhnValidator">
               <metrics coveredelements="0" coveredconditionals="0" complexity="7" coveredmethods="0" methods="3" elements="35" statements="24" conditionals="8" coveredstatements="0"/>
            </class>
            <line complexity="1" visibility="package" signature="validate(String) : boolean" num="20" count="0" type="method"/>
            <line num="21" count="0" type="stmt"/>
            <line complexity="1" visibility="public" signature="sumOfDigits(int) : int" num="29" count="0" type="method"/>
            <line num="30" count="0" type="stmt"/>
            <line num="31" count="0" type="stmt"/>
            <line num="32" count="0" type="stmt"/>
            <line num="33" count="0" type="stmt"/>
            <line num="36" count="0" type="stmt"/>
            <line complexity="5" visibility="public" signature="algorithmCheck(String) : boolean" num="44" count="0" type="method"/>
            <line num="45" count="0" type="stmt"/>
            <line num="46" count="0" type="stmt"/>
            <line num="47" count="0" type="stmt"/>
            <line num="48" count="0" type="stmt"/>
            <line num="49" count="0" type="stmt"/>
            <line num="52" count="0" type="stmt"/>
            <line num="55" count="0" type="stmt"/>
            <line falsecount="0" truecount="0" num="55" type="cond"/>
            <line num="56" count="0" type="stmt"/>
            <line num="62" count="0" type="stmt"/>
            <line falsecount="0" truecount="0" num="62" type="cond"/>
            <line num="63" count="0" type="stmt"/>
            <line num="65" count="0" type="stmt"/>
            <line num="70" count="0" type="stmt"/>
            <line falsecount="0" truecount="0" num="70" type="cond"/>
            <line num="71" count="0" type="stmt"/>
            <line num="75" count="0" type="stmt"/>
            <line num="76" count="0" type="stmt"/>
            <line num="79" count="0" type="stmt"/>
            <line falsecount="0" truecount="0" num="79" type="cond"/>
            <line num="80" count="0" type="stmt"/>
            <line num="83" count="0" type="stmt"/>
         </file>
         <file path="C:\Users\NJ\Desktop\Credit-Card-Validator_1763206674372\src\main\java\net\mooctest\MIRValidator.java" name="MIRValidator.java">
            <metrics coveredelements="0" coveredconditionals="0" complexity="6" loc="62" coveredmethods="0" methods="3" elements="22" classes="1" ncloc="31" statements="13" conditionals="6" coveredstatements="0"/>
            <class name="MIRValidator">
               <metrics coveredelements="0" coveredconditionals="0" complexity="6" coveredmethods="0" methods="3" elements="22" statements="13" conditionals="6" coveredstatements="0"/>
            </class>
            <line complexity="1" visibility="public" signature="MIRValidator(String)" num="19" count="0" type="method"/>
            <line num="20" count="0" type="stmt"/>
            <line complexity="2" visibility="package" signature="checkLength() : boolean" num="30" count="0" type="method"/>
            <line num="32" count="0" type="stmt"/>
            <line num="34" count="0" type="stmt"/>
            <line falsecount="0" truecount="0" num="34" type="cond"/>
            <line num="35" count="0" type="stmt"/>
            <line num="38" count="0" type="stmt"/>
            <line complexity="3" visibility="package" signature="checkIINRanges() : boolean" num="47" count="0" type="method"/>
            <line num="49" count="0" type="stmt"/>
            <line num="50" count="0" type="stmt"/>
            <line num="51" count="0" type="stmt"/>
            <line num="53" count="0" type="stmt"/>
            <line falsecount="0" truecount="0" num="53" type="cond"/>
            <line num="54" count="0" type="stmt"/>
            <line falsecount="0" truecount="0" num="54" type="cond"/>
            <line num="55" count="0" type="stmt"/>
            <line num="56" count="0" type="stmt"/>
            <line num="60" count="0" type="stmt"/>
         </file>
         <file path="C:\Users\NJ\Desktop\Credit-Card-Validator_1763206674372\src\main\java\net\mooctest\MaestroUKValidator.java" name="MaestroUKValidator.java">
            <metrics coveredelements="0" coveredconditionals="0" complexity="8" loc="68" coveredmethods="0" methods="3" elements="27" classes="1" ncloc="35" statements="16" conditionals="8" coveredstatements="0"/>
            <class name="MaestroUKValidator">
               <metrics coveredelements="0" coveredconditionals="0" complexity="8" coveredmethods="0" methods="3" elements="27" statements="16" conditionals="8" coveredstatements="0"/>
            </class>
            <line complexity="1" visibility="public" signature="MaestroUKValidator(String)" num="19" count="0" type="method"/>
            <line num="20" count="0" type="stmt"/>
            <line complexity="3" visibility="package" signature="checkLength() : boolean" num="30" count="0" type="method"/>
            <line num="32" count="0" type="stmt"/>
            <line num="34" count="0" type="stmt"/>
            <line falsecount="0" truecount="0" num="34" type="cond"/>
            <line num="35" count="0" type="stmt"/>
            <line num="38" count="0" type="stmt"/>
            <line complexity="4" visibility="package" signature="checkIINRanges() : boolean" num="47" count="0" type="method"/>
            <line num="49" count="0" type="stmt"/>
            <line num="50" count="0" type="stmt"/>
            <line num="51" count="0" type="stmt"/>
            <line num="52" count="0" type="stmt"/>
            <line num="54" count="0" type="stmt"/>
            <line falsecount="0" truecount="0" num="54" type="cond"/>
            <line num="55" count="0" type="stmt"/>
            <line num="58" count="0" type="stmt"/>
            <line falsecount="0" truecount="0" num="58" type="cond"/>
            <line num="59" count="0" type="stmt"/>
            <line num="62" count="0" type="stmt"/>
            <line falsecount="0" truecount="0" num="62" type="cond"/>
            <line num="63" count="0" type="stmt"/>
            <line num="66" count="0" type="stmt"/>
         </file>
         <file path="C:\Users\NJ\Desktop\Credit-Card-Validator_1763206674372\src\main\java\net\mooctest\MaestroValidator.java" name="MaestroValidator.java">
            <metrics coveredelements="0" coveredconditionals="0" complexity="13" loc="79" coveredmethods="0" methods="3" elements="44" classes="1" ncloc="46" statements="23" conditionals="18" coveredstatements="0"/>
            <class name="MaestroValidator">
               <metrics coveredelements="0" coveredconditionals="0" complexity="13" coveredmethods="0" methods="3" elements="44" statements="23" conditionals="18" coveredstatements="0"/>
            </class>
            <line complexity="1" visibility="public" signature="MaestroValidator(String)" num="18" count="0" type="method"/>
            <line num="19" count="0" type="stmt"/>
            <line complexity="3" visibility="package" signature="checkLength() : boolean" num="29" count="0" type="method"/>
            <line num="31" count="0" type="stmt"/>
            <line num="33" count="0" type="stmt"/>
            <line falsecount="0" truecount="0" num="33" type="cond"/>
            <line num="34" count="0" type="stmt"/>
            <line num="37" count="0" type="stmt"/>
            <line complexity="9" visibility="package" signature="checkIINRanges() : boolean" num="46" count="0" type="method"/>
            <line num="48" count="0" type="stmt"/>
            <line num="49" count="0" type="stmt"/>
            <line num="50" count="0" type="stmt"/>
            <line num="52" count="0" type="stmt"/>
            <line falsecount="0" truecount="0" num="52" type="cond"/>
            <line num="53" count="0" type="stmt"/>
            <line falsecount="0" truecount="0" num="53" type="cond"/>
            <line num="54" count="0" type="stmt"/>
            <line num="55" count="0" type="stmt"/>
            <line num="59" count="0" type="stmt"/>
            <line falsecount="0" truecount="0" num="59" type="cond"/>
            <line num="60" count="0" type="stmt"/>
            <line falsecount="0" truecount="0" num="60" type="cond"/>
            <line num="61" count="0" type="stmt"/>
            <line falsecount="0" truecount="0" num="61" type="cond"/>
            <line num="62" count="0" type="stmt"/>
            <line num="63" count="0" type="stmt"/>
            <line num="68" count="0" type="stmt"/>
            <line falsecount="0" truecount="0" num="68" type="cond"/>
            <line num="69" count="0" type="stmt"/>
            <line falsecount="0" truecount="0" num="69" type="cond"/>
            <line num="70" count="0" type="stmt"/>
            <line falsecount="0" truecount="0" num="70" type="cond"/>
            <line num="71" count="0" type="stmt"/>
            <line num="72" count="0" type="stmt"/>
            <line num="77" count="0" type="stmt"/>
         </file>
         <file path="C:\Users\NJ\Desktop\Credit-Card-Validator_1763206674372\src\main\java\net\mooctest\MasterCardValidator.java" name="MasterCardValidator.java">
            <metrics coveredelements="0" coveredconditionals="0" complexity="9" loc="71" coveredmethods="0" methods="3" elements="34" classes="1" ncloc="39" statements="19" conditionals="12" coveredstatements="0"/>
            <class name="MasterCardValidator">
               <metrics coveredelements="0" coveredconditionals="0" complexity="9" coveredmethods="0" methods="3" elements="34" statements="19" conditionals="12" coveredstatements="0"/>
            </class>
            <line complexity="1" visibility="public" signature="MasterCardValidator(String)" num="18" count="0" type="method"/>
            <line num="19" count="0" type="stmt"/>
            <line complexity="2" visibility="package" signature="checkLength() : boolean" num="29" count="0" type="method"/>
            <line num="31" count="0" type="stmt"/>
            <line num="33" count="0" type="stmt"/>
            <line falsecount="0" truecount="0" num="33" type="cond"/>
            <line num="34" count="0" type="stmt"/>
            <line num="37" count="0" type="stmt"/>
            <line complexity="6" visibility="package" signature="checkIINRanges() : boolean" num="46" count="0" type="method"/>
            <line num="48" count="0" type="stmt"/>
            <line num="49" count="0" type="stmt"/>
            <line num="50" count="0" type="stmt"/>
            <line num="51" count="0" type="stmt"/>
            <line num="53" count="0" type="stmt"/>
            <line falsecount="0" truecount="0" num="53" type="cond"/>
            <line num="54" count="0" type="stmt"/>
            <line falsecount="0" truecount="0" num="54" type="cond"/>
            <line num="55" count="0" type="stmt"/>
            <line num="56" count="0" type="stmt"/>
            <line num="60" count="0" type="stmt"/>
            <line falsecount="0" truecount="0" num="60" type="cond"/>
            <line num="61" count="0" type="stmt"/>
            <line falsecount="0" truecount="0" num="61" type="cond"/>
            <line num="62" count="0" type="stmt"/>
            <line falsecount="0" truecount="0" num="62" type="cond"/>
            <line num="63" count="0" type="stmt"/>
            <line num="64" count="0" type="stmt"/>
            <line num="69" count="0" type="stmt"/>
         </file>
         <file path="C:\Users\NJ\Desktop\Credit-Card-Validator_1763206674372\src\main\java\net\mooctest\NPS_PridnestrovieValidator.java" name="NPS_PridnestrovieValidator.java">
            <metrics coveredelements="0" coveredconditionals="0" complexity="6" loc="62" coveredmethods="0" methods="3" elements="22" classes="1" ncloc="31" statements="13" conditionals="6" coveredstatements="0"/>
            <class name="NPS_PridnestrovieValidator">
               <metrics coveredelements="0" coveredconditionals="0" complexity="6" coveredmethods="0" methods="3" elements="22" statements="13" conditionals="6" coveredstatements="0"/>
            </class>
            <line complexity="1" visibility="public" signature="NPS_PridnestrovieValidator(String)" num="19" count="0" type="method"/>
            <line num="20" count="0" type="stmt"/>
            <line complexity="2" visibility="package" signature="checkLength() : boolean" num="30" count="0" type="method"/>
            <line num="32" count="0" type="stmt"/>
            <line num="34" count="0" type="stmt"/>
            <line falsecount="0" truecount="0" num="34" type="cond"/>
            <line num="35" count="0" type="stmt"/>
            <line num="38" count="0" type="stmt"/>
            <line complexity="3" visibility="package" signature="checkIINRanges() : boolean" num="47" count="0" type="method"/>
            <line num="49" count="0" type="stmt"/>
            <line num="50" count="0" type="stmt"/>
            <line num="51" count="0" type="stmt"/>
            <line num="53" count="0" type="stmt"/>
            <line falsecount="0" truecount="0" num="53" type="cond"/>
            <line num="54" count="0" type="stmt"/>
            <line falsecount="0" truecount="0" num="54" type="cond"/>
            <line num="55" count="0" type="stmt"/>
            <line num="56" count="0" type="stmt"/>
            <line num="60" count="0" type="stmt"/>
         </file>
         <file path="C:\Users\NJ\Desktop\Credit-Card-Validator_1763206674372\src\main\java\net\mooctest\RuPayValidator.java" name="RuPayValidator.java">
            <metrics coveredelements="0" coveredconditionals="0" complexity="8" loc="65" coveredmethods="0" methods="3" elements="26" classes="1" ncloc="34" statements="15" conditionals="8" coveredstatements="0"/>
            <class name="RuPayValidator">
               <metrics coveredelements="0" coveredconditionals="0" complexity="8" coveredmethods="0" methods="3" elements="26" statements="15" conditionals="8" coveredstatements="0"/>
            </class>
            <line complexity="1" visibility="public" signature="RuPayValidator(String)" num="19" count="0" type="method"/>
            <line num="20" count="0" type="stmt"/>
            <line complexity="2" visibility="package" signature="checkLength() : boolean" num="30" count="0" type="method"/>
            <line num="32" count="0" type="stmt"/>
            <line num="34" count="0" type="stmt"/>
            <line falsecount="0" truecount="0" num="34" type="cond"/>
            <line num="35" count="0" type="stmt"/>
            <line num="38" count="0" type="stmt"/>
            <line complexity="5" visibility="package" signature="checkIINRanges() : boolean" num="47" count="0" type="method"/>
            <line num="49" count="0" type="stmt"/>
            <line num="50" count="0" type="stmt"/>
            <line num="51" count="0" type="stmt"/>
            <line num="52" count="0" type="stmt"/>
            <line num="54" count="0" type="stmt"/>
            <line falsecount="0" truecount="0" num="54" type="cond"/>
            <line num="55" count="0" type="stmt"/>
            <line num="58" count="0" type="stmt"/>
            <line falsecount="0" truecount="0" num="58" type="cond"/>
            <line num="59" count="0" type="stmt"/>
            <line falsecount="0" truecount="0" num="59" type="cond"/>
            <line num="60" count="0" type="stmt"/>
            <line num="63" count="0" type="stmt"/>
         </file>
         <file path="C:\Users\NJ\Desktop\Credit-Card-Validator_1763206674372\src\main\java\net\mooctest\TroyValidator.java" name="TroyValidator.java">
            <metrics coveredelements="0" coveredconditionals="0" complexity="6" loc="62" coveredmethods="0" methods="3" elements="22" classes="1" ncloc="31" statements="13" conditionals="6" coveredstatements="0"/>
            <class name="TroyValidator">
               <metrics coveredelements="0" coveredconditionals="0" complexity="6" coveredmethods="0" methods="3" elements="22" statements="13" conditionals="6" coveredstatements="0"/>
            </class>
            <line complexity="1" visibility="public" signature="TroyValidator(String)" num="19" count="0" type="method"/>
            <line num="20" count="0" type="stmt"/>
            <line complexity="2" visibility="package" signature="checkLength() : boolean" num="30" count="0" type="method"/>
            <line num="32" count="0" type="stmt"/>
            <line num="34" count="0" type="stmt"/>
            <line falsecount="0" truecount="0" num="34" type="cond"/>
            <line num="35" count="0" type="stmt"/>
            <line num="38" count="0" type="stmt"/>
            <line complexity="3" visibility="package" signature="checkIINRanges() : boolean" num="47" count="0" type="method"/>
            <line num="49" count="0" type="stmt"/>
            <line num="50" count="0" type="stmt"/>
            <line num="51" count="0" type="stmt"/>
            <line num="53" count="0" type="stmt"/>
            <line falsecount="0" truecount="0" num="53" type="cond"/>
            <line num="54" count="0" type="stmt"/>
            <line falsecount="0" truecount="0" num="54" type="cond"/>
            <line num="55" count="0" type="stmt"/>
            <line num="56" count="0" type="stmt"/>
            <line num="60" count="0" type="stmt"/>
         </file>
         <file path="C:\Users\NJ\Desktop\Credit-Card-Validator_1763206674372\src\main\java\net\mooctest\TypeChecker.java" name="TypeChecker.java">
            <metrics coveredelements="0" coveredconditionals="0" complexity="7" loc="65" coveredmethods="0" methods="1" elements="40" classes="1" ncloc="39" statements="27" conditionals="12" coveredstatements="0"/>
            <class name="TypeChecker">
               <metrics coveredelements="0" coveredconditionals="0" complexity="7" coveredmethods="0" methods="1" elements="40" statements="27" conditionals="12" coveredstatements="0"/>
            </class>
            <line complexity="7" visibility="public" signature="checkType(String) : CreditCardType" num="16" count="0" type="method"/>
            <line num="17" count="0" type="stmt"/>
            <line num="20" count="0" type="stmt"/>
            <line falsecount="0" truecount="0" num="20" type="cond"/>
            <line num="21" count="0" type="stmt"/>
            <line num="23" count="0" type="stmt"/>
            <line num="24" count="0" type="stmt"/>
            <line num="26" count="0" type="stmt"/>
            <line falsecount="0" truecount="0" num="26" type="cond"/>
            <line num="27" count="0" type="stmt"/>
            <line num="28" count="0" type="stmt"/>
            <line num="31" count="0" type="stmt"/>
            <line num="32" count="0" type="stmt"/>
            <line num="34" count="0" type="stmt"/>
            <line falsecount="0" truecount="0" num="34" type="cond"/>
            <line num="35" count="0" type="stmt"/>
            <line num="36" count="0" type="stmt"/>
            <line num="39" count="0" type="stmt"/>
            <line num="40" count="0" type="stmt"/>
            <line num="42" count="0" type="stmt"/>
            <line falsecount="0" truecount="0" num="42" type="cond"/>
            <line num="43" count="0" type="stmt"/>
            <line num="44" count="0" type="stmt"/>
            <line num="47" count="0" type="stmt"/>
            <line num="48" count="0" type="stmt"/>
            <line num="50" count="0" type="stmt"/>
            <line falsecount="0" truecount="0" num="50" type="cond"/>
            <line num="51" count="0" type="stmt"/>
            <line num="52" count="0" type="stmt"/>
            <line num="56" count="0" type="stmt"/>
            <line falsecount="0" truecount="0" num="56" type="cond"/>
            <line num="57" count="0" type="stmt"/>
            <line num="58" count="0" type="stmt"/>
            <line num="63" count="0" type="stmt"/>
         </file>
         <file path="C:\Users\NJ\Desktop\Credit-Card-Validator_1763206674372\src\main\java\net\mooctest\UATPValidator.java" name="UATPValidator.java">
            <metrics coveredelements="0" coveredconditionals="0" complexity="5" loc="59" coveredmethods="0" methods="3" elements="18" classes="1" ncloc="28" statements="11" conditionals="4" coveredstatements="0"/>
            <class name="UATPValidator">
               <metrics coveredelements="0" coveredconditionals="0" complexity="5" coveredmethods="0" methods="3" elements="18" statements="11" conditionals="4" coveredstatements="0"/>
            </class>
            <line complexity="1" visibility="public" signature="UATPValidator(String)" num="19" count="0" type="method"/>
            <line num="20" count="0" type="stmt"/>
            <line complexity="2" visibility="package" signature="checkLength() : boolean" num="30" count="0" type="method"/>
            <line num="32" count="0" type="stmt"/>
            <line num="34" count="0" type="stmt"/>
            <line falsecount="0" truecount="0" num="34" type="cond"/>
            <line num="35" count="0" type="stmt"/>
            <line num="38" count="0" type="stmt"/>
            <line complexity="2" visibility="package" signature="checkIINRanges() : boolean" num="47" count="0" type="method"/>
            <line num="49" count="0" type="stmt"/>
            <line num="50" count="0" type="stmt"/>
            <line num="51" count="0" type="stmt"/>
            <line num="53" count="0" type="stmt"/>
            <line falsecount="0" truecount="0" num="53" type="cond"/>
            <line num="54" count="0" type="stmt"/>
            <line num="57" count="0" type="stmt"/>
         </file>
         <file path="C:\Users\NJ\Desktop\Credit-Card-Validator_1763206674372\src\main\java\net\mooctest\Validator.java" name="Validator.java">
            <metrics coveredelements="0" coveredconditionals="0" complexity="12" loc="95" coveredmethods="0" methods="7" elements="38" classes="1" ncloc="50" statements="23" conditionals="8" coveredstatements="0"/>
            <class name="Validator">
               <metrics coveredelements="0" coveredconditionals="0" complexity="12" coveredmethods="0" methods="7" elements="38" statements="23" conditionals="8" coveredstatements="0"/>
            </class>
            <line complexity="1" visibility="public" signature="Validator(String)" num="21" count="0" type="method"/>
            <line num="22" count="0" type="stmt"/>
            <line complexity="1" visibility="public" signature="Validator(String,String,String)" num="29" count="0" type="method"/>
            <line num="30" count="0" type="stmt"/>
            <line num="31" count="0" type="stmt"/>
            <line num="32" count="0" type="stmt"/>
            <line num="33" count="0" type="stmt"/>
            <line num="34" count="0" type="stmt"/>
            <line complexity="1" visibility="public" signature="setExpirationYear() : void" num="40" count="0" type="method"/>
            <line num="41" count="0" type="stmt"/>
            <line complexity="1" visibility="public" signature="setExpirationMonth() : void" num="47" count="0" type="method"/>
            <line num="48" count="0" type="stmt"/>
            <line complexity="2" visibility="public" signature="validate() : boolean" num="56" count="0" type="method"/>
            <line num="57" count="0" type="stmt"/>
            <line num="58" count="0" type="stmt"/>
            <line num="60" count="0" type="stmt"/>
            <line falsecount="0" truecount="0" num="60" type="cond"/>
            <line num="61" count="0" type="stmt"/>
            <line num="64" count="0" type="stmt"/>
            <line complexity="3" visibility="public" signature="checkCVV() : boolean" num="71" count="0" type="method"/>
            <line num="72" count="0" type="stmt"/>
            <line num="74" count="0" type="stmt"/>
            <line falsecount="0" truecount="0" num="74" type="cond"/>
            <line num="75" count="0" type="stmt"/>
            <line num="78" count="0" type="stmt"/>
            <line complexity="3" visibility="public" signature="checkExpirationDate() : boolean" num="84" count="0" type="method"/>
            <line num="85" count="0" type="stmt"/>
            <line num="87" count="0" type="stmt"/>
            <line falsecount="0" truecount="0" num="87" type="cond"/>
            <line num="88" count="0" type="stmt"/>
            <line num="89" count="0" type="stmt"/>
            <line falsecount="0" truecount="0" num="89" type="cond"/>
            <line num="90" count="0" type="stmt"/>
            <line num="93" count="0" type="stmt"/>
         </file>
         <file path="C:\Users\NJ\Desktop\Credit-Card-Validator_1763206674372\src\main\java\net\mooctest\VerveValidator.java" name="VerveValidator.java">
            <metrics coveredelements="0" coveredconditionals="0" complexity="10" loc="71" coveredmethods="0" methods="3" elements="33" classes="1" ncloc="39" statements="18" conditionals="12" coveredstatements="0"/>
            <class name="VerveValidator">
               <metrics coveredelements="0" coveredconditionals="0" complexity="10" coveredmethods="0" methods="3" elements="33" statements="18" conditionals="12" coveredstatements="0"/>
            </class>
            <line complexity="1" visibility="public" signature="VerveValidator(String)" num="19" count="0" type="method"/>
            <line num="20" count="0" type="stmt"/>
            <line complexity="3" visibility="package" signature="checkLength() : boolean" num="30" count="0" type="method"/>
            <line num="32" count="0" type="stmt"/>
            <line num="34" count="0" type="stmt"/>
            <line falsecount="0" truecount="0" num="34" type="cond"/>
            <line num="35" count="0" type="stmt"/>
            <line num="38" count="0" type="stmt"/>
            <line complexity="6" visibility="package" signature="checkIINRanges() : boolean" num="47" count="0" type="method"/>
            <line num="49" count="0" type="stmt"/>
            <line num="50" count="0" type="stmt"/>
            <line num="51" count="0" type="stmt"/>
            <line num="53" count="0" type="stmt"/>
            <line falsecount="0" truecount="0" num="53" type="cond"/>
            <line num="54" count="0" type="stmt"/>
            <line falsecount="0" truecount="0" num="54" type="cond"/>
            <line num="55" count="0" type="stmt"/>
            <line num="56" count="0" type="stmt"/>
            <line num="60" count="0" type="stmt"/>
            <line falsecount="0" truecount="0" num="60" type="cond"/>
            <line num="61" count="0" type="stmt"/>
            <line falsecount="0" truecount="0" num="61" type="cond"/>
            <line num="62" count="0" type="stmt"/>
            <line falsecount="0" truecount="0" num="62" type="cond"/>
            <line num="63" count="0" type="stmt"/>
            <line num="64" count="0" type="stmt"/>
            <line num="69" count="0" type="stmt"/>
         </file>
         <file path="C:\Users\NJ\Desktop\Credit-Card-Validator_1763206674372\src\main\java\net\mooctest\VisaElectronValidator.java" name="VisaElectronValidator.java">
            <metrics coveredelements="0" coveredconditionals="0" complexity="6" loc="61" coveredmethods="0" methods="3" elements="20" classes="1" ncloc="30" statements="13" conditionals="4" coveredstatements="0"/>
            <class name="VisaElectronValidator">
               <metrics coveredelements="0" coveredconditionals="0" complexity="6" coveredmethods="0" methods="3" elements="20" statements="13" conditionals="4" coveredstatements="0"/>
            </class>
            <line complexity="1" visibility="public" signature="VisaElectronValidator(String)" num="18" count="0" type="method"/>
            <line num="19" count="0" type="stmt"/>
            <line complexity="2" visibility="package" signature="checkLength() : boolean" num="29" count="0" type="method"/>
            <line num="31" count="0" type="stmt"/>
            <line num="33" count="0" type="stmt"/>
            <line falsecount="0" truecount="0" num="33" type="cond"/>
            <line num="34" count="0" type="stmt"/>
            <line num="37" count="0" type="stmt"/>
            <line complexity="3" visibility="package" signature="checkIINRanges() : boolean" num="46" count="0" type="method"/>
            <line num="48" count="0" type="stmt"/>
            <line num="49" count="0" type="stmt"/>
            <line num="50" count="0" type="stmt"/>
            <line num="51" count="0" type="stmt"/>
            <line num="53" count="0" type="stmt"/>
            <line num="54" count="0" type="stmt"/>
            <line falsecount="0" truecount="0" num="54" type="cond"/>
            <line num="55" count="0" type="stmt"/>
            <line num="59" count="0" type="stmt"/>
         </file>
         <file path="C:\Users\NJ\Desktop\Credit-Card-Validator_1763206674372\src\main\java\net\mooctest\VisaValidator.java" name="VisaValidator.java">
            <metrics coveredelements="0" coveredconditionals="0" complexity="6" loc="58" coveredmethods="0" methods="3" elements="18" classes="1" ncloc="27" statements="11" conditionals="4" coveredstatements="0"/>
            <class name="VisaValidator">
               <metrics coveredelements="0" coveredconditionals="0" complexity="6" coveredmethods="0" methods="3" elements="18" statements="11" conditionals="4" coveredstatements="0"/>
            </class>
            <line complexity="1" visibility="public" signature="VisaValidator(String)" num="18" count="0" type="method"/>
            <line num="19" count="0" type="stmt"/>
            <line complexity="3" visibility="package" signature="checkLength() : boolean" num="29" count="0" type="method"/>
            <line num="31" count="0" type="stmt"/>
            <line num="33" count="0" type="stmt"/>
            <line falsecount="0" truecount="0" num="33" type="cond"/>
            <line num="34" count="0" type="stmt"/>
            <line num="37" count="0" type="stmt"/>
            <line complexity="2" visibility="package" signature="checkIINRanges() : boolean" num="46" count="0" type="method"/>
            <line num="48" count="0" type="stmt"/>
            <line num="49" count="0" type="stmt"/>
            <line num="50" count="0" type="stmt"/>
            <line num="52" count="0" type="stmt"/>
            <line falsecount="0" truecount="0" num="52" type="cond"/>
            <line num="53" count="0" type="stmt"/>
            <line num="56" count="0" type="stmt"/>
         </file>
      </package>
   </project>
   <testproject name="Credit-Card-Validator 0.0.1-SNAPSHOT" timestamp="1774342753627">
      <metrics coveredelements="5" complexity="5" loc="51" methods="5" classes="1" statements="0" packages="1" coveredconditionals="0" coveredmethods="5" elements="5" ncloc="24" files="1" conditionals="0" coveredstatements="0"/>
      <package name="net.mooctest">
         <metrics coveredelements="5" complexity="5" loc="51" methods="5" classes="1" statements="0" coveredconditionals="0" coveredmethods="5" elements="5" ncloc="24" files="1" conditionals="0" coveredstatements="0"/>
         <file path="C:\Users\NJ\Desktop\Credit-Card-Validator_1763206674372\src\test\java\net\mooctest\CreditCardValidatorTest.java" name="CreditCardValidatorTest.java">
            <metrics coveredelements="5" coveredconditionals="0" complexity="5" loc="51" coveredmethods="5" methods="5" elements="5" classes="1" ncloc="24" statements="0" conditionals="0" coveredstatements="0"/>
            <class name="CreditCardValidatorTest">
               <metrics coveredelements="5" complexity="5" methods="5" testruns="1" statements="0" coveredconditionals="0" coveredmethods="5" elements="5" testfailures="0" testduration="0.006" conditionals="0" coveredstatements="0" testpasses="1"/>
            </class>
            <line complexity="1" visibility="public" signature="setUpBeforeClass() : void" num="30" count="1" type="method"/>
            <line complexity="1" visibility="public" signature="tearDownAfterClass() : void" num="34" count="1" type="method"/>
            <line complexity="1" visibility="public" signature="setUp() : void" num="38" count="1" type="method"/>
            <line complexity="1" visibility="public" signature="tearDown() : void" num="42" count="1" type="method"/>
            <line complexity="1" visibility="public" signature="test() : void" num="46" testsuccess="true" count="1" testduration="0.006" type="method"/>
         </file>
      </package>
   </testproject>
</coverage>